<?xml version="1.0" encoding="UTF-8"?>
<!-- Generated by org.testng.reporters.JUnitReportReporter -->
<testsuite hostname="abc-PC" name="testnglearning.TestParameterization" tests="3" failures="0" timestamp="12 Jun 2019 13:56:45 GMT" time="11.128" errors="0">
  <testcase name="doLogin" time="5.139" classname="testnglearning.TestParameterization"/>
  <testcase name="doLogin" time="3.057" classname="testnglearning.TestParameterization"/>
  <testcase name="doLogin" time="2.932" classname="testnglearning.TestParameterization"/>
</testsuite> <!-- testnglearning.TestParameterization -->
