<?xml version="1.0" encoding="UTF-8"?>
<!-- Generated by org.testng.reporters.JUnitReportReporter -->
<testsuite hostname="abc-PC" name="testnglearning.TestCase2" tests="1" failures="0" timestamp="12 Jun 2019 09:42:33 GMT" time="0.009" errors="0">
  <testcase name="validateTitles" time="0.009" classname="testnglearning.TestCase2"/>
</testsuite> <!-- testnglearning.TestCase2 -->
