<?xml version="1.0" encoding="UTF-8"?>
<!-- Generated by org.testng.reporters.JUnitReportReporter -->
<testsuite hostname="abc-PC" name="testnglearning.TestCase2" tests="1" failures="0" timestamp="11 Jun 2019 11:25:09 GMT" time="0.008" errors="0">
  <testcase name="validateTitles" time="0.008" classname="testnglearning.TestCase2"/>
</testsuite> <!-- testnglearning.TestCase2 -->
