<?xml version="1.0" encoding="UTF-8"?>
<!-- Generated by org.testng.reporters.JUnitReportReporter -->
<testsuite hostname="abc-PC" name="testnglearning.TestCase1" tests="2" failures="0" timestamp="12 Jun 2019 09:42:33 GMT" time="0.010" errors="0">
  <testcase name="doLogin" time="0.002" classname="testnglearning.TestCase1"/>
  <testcase name="doUserReg" time="0.008" classname="testnglearning.TestCase1"/>
</testsuite> <!-- testnglearning.TestCase1 -->
