<?xml version="1.0" encoding="UTF-8"?>
<!-- Generated by org.testng.reporters.JUnitReportReporter -->
<testsuite hostname="abc-PC" name="testnglearning.TestCase1" tests="2" failures="0" timestamp="11 Jun 2019 12:26:38 GMT" time="0.008" errors="0">
  <testcase name="doUserReg" time="0.006" classname="testnglearning.TestCase1"/>
  <testcase name="doLogin" time="0.002" classname="testnglearning.TestCase1"/>
</testsuite> <!-- testnglearning.TestCase1 -->
